<?xml version="1.0" encoding="UTF-8"?>

<beans xmlns="http://www.springframework.org/schema/beans"
  xmlns:xsi="http://www.w3.org/2001/XMLSchema-instance"
  xmlns:aop="http://www.springframework.org/schema/aop"
  xmlns:context="http://www.springframework.org/schema/context"
  xsi:schemaLocation="http://www.springframework.org/schema/beans http://www.springframework.org/schema/beans/spring-beans-3.0.xsd
	http://www.springframework.org/schema/aop http://www.springframework.org/schema/aop/spring-aop-3.0.xsd
	http://www.springframework.org/schema/context http://www.springframework.org/schema/context/spring-context-3.0.xsd">


  <context:annotation-config/>
  <aop:aspectj-autoproxy/>

  <bean id="addProductToBasketAction" class="actions.AddProductToBasketAction"/>
  <bean id="amazonCartPage" class="pages.AmazonCartPage"/>
  <bean id="amazonGiftCardsPage" class="pages.AmazonGiftCardsPage"/>
  <bean id="amazonProductAddedPage" class="pages.AmazonProductAddedPage"/>
  <bean id="amazonProductPage" class="pages.AmazonProductPage"/>
  <bean id="navigation" class="pages.Navigation"/>

</beans>
